<?xml version="1.0" encoding="UTF-8"?>
<!-- Generated by org.testng.reporters.JUnitXMLReporter -->
<testsuite ignored="0" hostname="BB-HQL-BA00604" failures="1" tests="1" name="Class29Assignments" time="1.727" errors="0" timestamp="2021-06-21T15:22:51 IST">
  <testcase classname="tests.W3Launch" name="LaunchW3Schools" time="1.691">
    <failure type="java.lang.NullPointerException">
      <![CDATA[java.lang.NullPointerException
at core.TestConfig.getProperty(TestConfig.java:19)
at core.DriverFactory1.getDriver(DriverFactory1.java:26)
at tests.W3Launch.LaunchW3Schools(W3Launch.java:25)
at java.base/java.util.ArrayList.forEach(ArrayList.java:1541)
... Removed 31 stack frames]]>
    </failure>
  </testcase> <!-- LaunchW3Schools -->
</testsuite> <!-- Class29Assignments -->
