<?xml version="1.0" encoding="UTF-8"?>
<!-- Generated by org.testng.reporters.JUnitXMLReporter -->
<testsuite ignored="0" hostname="BB-HQL-BA00604" failures="0" tests="1" name="TestNGPractice-Chrome" time="0.023" errors="0" timestamp="2021-06-21T18:07:00 IST">
  <testcase classname="tests.TestBase" name="@BeforeSuite initSuite" time="0.009">
    <failure type="java.io.FileNotFoundException" message="src\test\resources\config.${env}.properties (The system cannot find the file specified)">
      <![CDATA[java.io.FileNotFoundException: src\test\resources\config.${env}.properties (The system cannot find the file specified)
at java.base/java.io.FileInputStream.open0(Native Method)
at java.base/java.io.FileInputStream.open(FileInputStream.java:219)
at java.base/java.io.FileInputStream.<init>(FileInputStream.java:157)
at java.base/java.io.FileInputStream.<init>(FileInputStream.java:112)
at core.TestConfig.load(TestConfig.java:13)
at tests.TestBase.initSuite(TestBase.java:23)
... Removed 23 stack frames]]>
    </failure>
  </testcase> <!-- @BeforeSuite initSuite -->
  <testcase classname="tests.TestBase" name="@BeforeClass initDriver" time="-1.624295220762E9">
    <skipped/>
  </testcase> <!-- @BeforeClass initDriver -->
  <testcase classname="tests.TestBase" name="@BeforeMethod launchApp" time="-1.624295220769E9">
    <skipped/>
  </testcase> <!-- @BeforeMethod launchApp -->
  <testcase classname="tests.TestBase" name="@AfterClass cleanUp" time="-1.624295220771E9">
    <skipped/>
  </testcase> <!-- @AfterClass cleanUp -->
  <testcase classname="tests.MyntraTest" name="DummyTest" time="0.0">
    <skipped/>
  </testcase> <!-- DummyTest -->
</testsuite> <!-- TestNGPractice-Chrome -->
